<?xml version="1.0" encoding="UTF-8"?>
<!-- Generated by org.testng.reporters.JUnitReportReporter -->
<testsuite hostname="DESKTOP-J5NV8O8" failures="0" tests="2" name="inetBanking.testCases.TC_LoginTest_001" time="3.665" errors="1" timestamp="05 Sep 2020 08:11:09 GMT" skipped="1">
  <testcase classname="inetBanking.testCases.TC_LoginTest_001" name="setup" time="3.665">
    <error message="session not created: This version of ChromeDriver only supports Chrome version 83
Build info: version: &#039;4.0.0-alpha-3&#039;, revision: &#039;8c567de6dc&#039;
System info: host: &#039;DESKTOP-J5NV8O8&#039;, ip: &#039;192.168.43.244&#039;, os.name: &#039;Windows 10&#039;, os.arch: &#039;amd64&#039;, os.version: &#039;10.0&#039;, java.version: &#039;11.0.7&#039;
Driver info: driver.version: ChromeDriver
remote stacktrace: Backtrace:
	Ordinal0 [0x00C09563+2725219]
	Ordinal0 [0x00B08551+1672529]
	Ordinal0 [0x009F0359+525145]
	Ordinal0 [0x00980B77+68471]
	Ordinal0 [0x0097D32C+54060]
	Ordinal0 [0x0099CC37+183351]
	Ordinal0 [0x0099CA3D+182845]
	Ordinal0 [0x0099A94B+174411]
	Ordinal0 [0x00982528+75048]
	Ordinal0 [0x009835A0+79264]
	Ordinal0 [0x00983539+79161]
	Ordinal0 [0x00B1D607+1758727]
	GetHandleVerifier [0x00D26546+1050150]
	GetHandleVerifier [0x00D26291+1049457]
	GetHandleVerifier [0x00D310D7+1094071]
	GetHandleVerifier [0x00D26B46+1051686]
	Ordinal0 [0x00B15B06+1727238]
	Ordinal0 [0x00B1EB7B+1764219]
	Ordinal0 [0x00B1ECE3+1764579]
	Ordinal0 [0x00B34C05+1854469]
	BaseThreadInitThunk [0x753A62C4+36]
	RtlSubscribeWnfStateChangeNotification [0x77280609+1081]
	RtlSubscribeWnfStateChangeNotification [0x772805D4+1028]
" type="org.openqa.selenium.SessionNotCreatedException">
      <![CDATA[org.openqa.selenium.SessionNotCreatedException: session not created: This version of ChromeDriver only supports Chrome version 83
Build info: version: '4.0.0-alpha-3', revision: '8c567de6dc'
System info: host: 'DESKTOP-J5NV8O8', ip: '192.168.43.244', os.name: 'Windows 10', os.arch: 'amd64', os.version: '10.0', java.version: '11.0.7'
Driver info: driver.version: ChromeDriver
remote stacktrace: Backtrace:
Ordinal0 [0x00C09563+2725219]
Ordinal0 [0x00B08551+1672529]
Ordinal0 [0x009F0359+525145]
Ordinal0 [0x00980B77+68471]
Ordinal0 [0x0097D32C+54060]
Ordinal0 [0x0099CC37+183351]
Ordinal0 [0x0099CA3D+182845]
Ordinal0 [0x0099A94B+174411]
Ordinal0 [0x00982528+75048]
Ordinal0 [0x009835A0+79264]
Ordinal0 [0x00983539+79161]
Ordinal0 [0x00B1D607+1758727]
GetHandleVerifier [0x00D26546+1050150]
GetHandleVerifier [0x00D26291+1049457]
GetHandleVerifier [0x00D310D7+1094071]
GetHandleVerifier [0x00D26B46+1051686]
Ordinal0 [0x00B15B06+1727238]
Ordinal0 [0x00B1EB7B+1764219]
Ordinal0 [0x00B1ECE3+1764579]
Ordinal0 [0x00B34C05+1854469]
BaseThreadInitThunk [0x753A62C4+36]
RtlSubscribeWnfStateChangeNotification [0x77280609+1081]
RtlSubscribeWnfStateChangeNotification [0x772805D4+1028]

at java.base/jdk.internal.reflect.NativeConstructorAccessorImpl.newInstance0(Native Method)
at java.base/jdk.internal.reflect.NativeConstructorAccessorImpl.newInstance(NativeConstructorAccessorImpl.java:62)
at java.base/jdk.internal.reflect.DelegatingConstructorAccessorImpl.newInstance(DelegatingConstructorAccessorImpl.java:45)
at java.base/java.lang.reflect.Constructor.newInstance(Constructor.java:490)
at org.openqa.selenium.remote.W3CHandshakeResponse.lambda$errorHandler$0(W3CHandshakeResponse.java:62)
at org.openqa.selenium.remote.HandshakeResponse.lambda$getResponseFunction$0(HandshakeResponse.java:30)
at org.openqa.selenium.remote.ProtocolHandshake.lambda$createSession$1(ProtocolHandshake.java:127)
at java.base/java.util.stream.ReferencePipeline$3$1.accept(ReferencePipeline.java:195)
at java.base/java.util.Spliterators$ArraySpliterator.tryAdvance(Spliterators.java:958)
at java.base/java.util.stream.ReferencePipeline.forEachWithCancel(ReferencePipeline.java:127)
at java.base/java.util.stream.AbstractPipeline.copyIntoWithCancel(AbstractPipeline.java:502)
at java.base/java.util.stream.AbstractPipeline.copyInto(AbstractPipeline.java:488)
at java.base/java.util.stream.AbstractPipeline.wrapAndCopyInto(AbstractPipeline.java:474)
at java.base/java.util.stream.FindOps$FindOp.evaluateSequential(FindOps.java:150)
at java.base/java.util.stream.AbstractPipeline.evaluate(AbstractPipeline.java:234)
at java.base/java.util.stream.ReferencePipeline.findFirst(ReferencePipeline.java:543)
at org.openqa.selenium.remote.ProtocolHandshake.createSession(ProtocolHandshake.java:129)
at org.openqa.selenium.remote.ProtocolHandshake.createSession(ProtocolHandshake.java:75)
at org.openqa.selenium.remote.HttpCommandExecutor.execute(HttpCommandExecutor.java:139)
at org.openqa.selenium.remote.service.DriverCommandExecutor.execute(DriverCommandExecutor.java:83)
at org.openqa.selenium.remote.RemoteWebDriver.execute(RemoteWebDriver.java:576)
at org.openqa.selenium.remote.RemoteWebDriver.startSession(RemoteWebDriver.java:210)
at org.openqa.selenium.remote.RemoteWebDriver.<init>(RemoteWebDriver.java:130)
at org.openqa.selenium.chromium.ChromiumDriver.<init>(ChromiumDriver.java:75)
at org.openqa.selenium.chrome.ChromeDriver.<init>(ChromeDriver.java:163)
at org.openqa.selenium.chrome.ChromeDriver.<init>(ChromeDriver.java:150)
at org.openqa.selenium.chrome.ChromeDriver.<init>(ChromeDriver.java:105)
at inetBanking.testCases.BaseClass.setup(BaseClass.java:37)
at java.base/jdk.internal.reflect.NativeMethodAccessorImpl.invoke0(Native Method)
at java.base/jdk.internal.reflect.NativeMethodAccessorImpl.invoke(NativeMethodAccessorImpl.java:62)
at java.base/jdk.internal.reflect.DelegatingMethodAccessorImpl.invoke(DelegatingMethodAccessorImpl.java:43)
at java.base/java.lang.reflect.Method.invoke(Method.java:566)
at org.testng.internal.MethodInvocationHelper.invokeMethod(MethodInvocationHelper.java:124)
at org.testng.internal.MethodInvocationHelper.invokeMethodConsideringTimeout(MethodInvocationHelper.java:59)
at org.testng.internal.Invoker.invokeConfigurationMethod(Invoker.java:458)
at org.testng.internal.Invoker.invokeConfigurations(Invoker.java:222)
at org.testng.internal.Invoker.invokeConfigurations(Invoker.java:142)
at org.testng.internal.TestMethodWorker.invokeBeforeClassMethods(TestMethodWorker.java:168)
at org.testng.internal.TestMethodWorker.run(TestMethodWorker.java:105)
at org.testng.TestRunner.privateRun(TestRunner.java:648)
at org.testng.TestRunner.run(TestRunner.java:505)
at org.testng.SuiteRunner.runTest(SuiteRunner.java:455)
at org.testng.SuiteRunner.runSequentially(SuiteRunner.java:450)
at org.testng.SuiteRunner.privateRun(SuiteRunner.java:415)
at org.testng.SuiteRunner.run(SuiteRunner.java:364)
at org.testng.SuiteRunnerWorker.runSuite(SuiteRunnerWorker.java:52)
at org.testng.SuiteRunnerWorker.run(SuiteRunnerWorker.java:84)
at org.testng.TestNG.runSuitesSequentially(TestNG.java:1208)
at org.testng.TestNG.runSuitesLocally(TestNG.java:1137)
at org.testng.TestNG.runSuites(TestNG.java:1049)
at org.testng.TestNG.run(TestNG.java:1017)
at org.testng.remote.AbstractRemoteTestNG.run(AbstractRemoteTestNG.java:115)
at org.testng.remote.RemoteTestNG.initAndRun(RemoteTestNG.java:251)
at org.testng.remote.RemoteTestNG.main(RemoteTestNG.java:77)
]]>
    </error>
  </testcase> <!-- setup -->
  <testcase classname="inetBanking.testCases.TC_LoginTest_001" name="loginTest" time="0.000">
    <skipped/>
  </testcase> <!-- loginTest -->
</testsuite> <!-- inetBanking.testCases.TC_LoginTest_001 -->
